<?xml version="1.0" encoding="UTF-8"?>
<!-- Generated by org.testng.reporters.JUnitReportReporter -->
<testsuite hostname="PC" name="Runners.TestRunner" tests="1" failures="0" timestamp="25 Jul 2020 10:12:10 GMT" time="20.736" errors="0">
  <testcase name="feature" time="20.736" classname="Runners.TestRunner"/>
</testsuite> <!-- Runners.TestRunner -->
